<?xml version="1.0" encoding="UTF-8"?>
<!-- Generated by org.testng.reporters.JUnitReportReporter -->
<testsuite hostname="dlusku20205871" name="sachin.seobox.seo.PageLevel" tests="1" failures="0" timestamp="24 Jan 2017 08:05:55 GMT" time="2.476" errors="0">
  <testcase name="verifyPageSpeed" time="2.476" classname="sachin.seobox.seo.PageLevel"/>
</testsuite> <!-- sachin.seobox.seo.PageLevel -->
